# JRE version: OpenJDK Runtime Environment (8.0_242-b01) (build 1.8.0_242-release-1644-b01)
# Java VM: OpenJDK 64-Bit Server VM (25.242-b01 mixed mode windows-amd64 compressed oops)
Heap:
 PSYoungGen      total 255488K, used 253033K [0x00000000d5580000, 0x00000000e6780000, 0x0000000100000000)
  eden space 230400K, 98% used [0x00000000d5580000,0x00000000e3421380,0x00000000e3680000)
  from space 25088K, 99% used [0x00000000e3680000,0x00000000e4ef9178,0x00000000e4f00000)
  to   space 23552K, 0% used [0x00000000e5080000,0x00000000e5080000,0x00000000e6780000)
 ParOldGen       total 205824K, used 79631K [0x0000000080000000, 0x000000008c900000, 0x00000000d5580000)
  object space 205824K, 38% used [0x0000000080000000,0x0000000084dc3f18,0x000000008c900000)
 Metaspace       used 107189K, capacity 113520K, committed 113832K, reserved 1148928K
  class space    used 13780K, capacity 14920K, committed 15024K, reserved 1048576K
GC Heap History (10 events):
Event: 15721.432 GC heap before
{Heap before GC invocations=25 (full 4):
 PSYoungGen      total 243712K, used 231506K [0x00000000d5580000, 0x00000000e6200000, 0x0000000100000000)
  eden space 219648K, 100% used [0x00000000d5580000,0x00000000e2c00000,0x00000000e2c00000)
  from space 24064K, 49% used [0x00000000e4a80000,0x00000000e5614938,0x00000000e6200000)
  to   space 27648K, 0% used [0x00000000e2c00000,0x00000000e2c00000,0x00000000e4700000)
 ParOldGen       total 205824K, used 56409K [0x0000000080000000, 0x000000008c900000, 0x00000000d5580000)
  object space 205824K, 27% used [0x0000000080000000,0x0000000083716490,0x000000008c900000)
 Metaspace       used 104916K, capacity 110648K, committed 110888K, reserved 1144832K
  class space    used 13660K, capacity 14736K, committed 14896K, reserved 1048576K
Event: 15721.494 GC heap after
Heap after GC invocations=25 (full 4):
 PSYoungGen      total 247296K, used 15228K [0x00000000d5580000, 0x00000000e6900000, 0x0000000100000000)
  eden space 219648K, 0% used [0x00000000d5580000,0x00000000d5580000,0x00000000e2c00000)
  from space 27648K, 55% used [0x00000000e2c00000,0x00000000e3adf178,0x00000000e4700000)
  to   space 27136K, 0% used [0x00000000e4e80000,0x00000000e4e80000,0x00000000e6900000)
 ParOldGen       total 205824K, used 56417K [0x0000000080000000, 0x000000008c900000, 0x00000000d5580000)
  object space 205824K, 27% used [0x0000000080000000,0x0000000083718490,0x000000008c900000)
 Metaspace       used 104916K, capacity 110648K, committed 110888K, reserved 1144832K
  class space    used 13660K, capacity 14736K, committed 14896K, reserved 1048576K
}
Event: 16329.481 GC heap before
{Heap before GC invocations=26 (full 4):
 PSYoungGen      total 247296K, used 234876K [0x00000000d5580000, 0x00000000e6900000, 0x0000000100000000)
  eden space 219648K, 100% used [0x00000000d5580000,0x00000000e2c00000,0x00000000e2c00000)
  from space 27648K, 55% used [0x00000000e2c00000,0x00000000e3adf178,0x00000000e4700000)
  to   space 27136K, 0% used [0x00000000e4e80000,0x00000000e4e80000,0x00000000e6900000)
 ParOldGen       total 205824K, used 56417K [0x0000000080000000, 0x000000008c900000, 0x00000000d5580000)
  object space 205824K, 27% used [0x0000000080000000,0x0000000083718490,0x000000008c900000)
 Metaspace       used 105436K, capacity 111630K, committed 111912K, reserved 1146880K
  class space    used 13708K, capacity 14823K, committed 14896K, reserved 1048576K
Event: 16329.523 GC heap after
Heap after GC invocations=26 (full 4):
 PSYoungGen      total 248832K, used 14421K [0x00000000d5580000, 0x00000000e6480000, 0x0000000100000000)
  eden space 226304K, 0% used [0x00000000d5580000,0x00000000d5580000,0x00000000e3280000)
  from space 22528K, 64% used [0x00000000e4e80000,0x00000000e5c95690,0x00000000e6480000)
  to   space 25600K, 0% used [0x00000000e3280000,0x00000000e3280000,0x00000000e4b80000)
 ParOldGen       total 205824K, used 56433K [0x0000000080000000, 0x000000008c900000, 0x00000000d5580000)
  object space 205824K, 27% used [0x0000000080000000,0x000000008371c490,0x000000008c900000)
 Metaspace       used 105436K, capacity 111630K, committed 111912K, reserved 1146880K
  class space    used 13708K, capacity 14823K, committed 14896K, reserved 1048576K
}
Event: 16632.570 GC heap before
{Heap before GC invocations=27 (full 4):
 PSYoungGen      total 248832K, used 240725K [0x00000000d5580000, 0x00000000e6480000, 0x0000000100000000)
  eden space 226304K, 100% used [0x00000000d5580000,0x00000000e3280000,0x00000000e3280000)
  from space 22528K, 64% used [0x00000000e4e80000,0x00000000e5c95690,0x00000000e6480000)
  to   space 25600K, 0% used [0x00000000e3280000,0x00000000e3280000,0x00000000e4b80000)
 ParOldGen       total 205824K, used 56433K [0x0000000080000000, 0x000000008c900000, 0x00000000d5580000)
  object space 205824K, 27% used [0x0000000080000000,0x000000008371c490,0x000000008c900000)
 Metaspace       used 105956K, capacity 112184K, committed 112424K, reserved 1146880K
  class space    used 13728K, capacity 14860K, committed 14896K, reserved 1048576K
Event: 16632.589 GC heap after
Heap after GC invocations=27 (full 4):
 PSYoungGen      total 251904K, used 8897K [0x00000000d5580000, 0x00000000e6980000, 0x0000000100000000)
  eden space 226304K, 0% used [0x00000000d5580000,0x00000000d5580000,0x00000000e3280000)
  from space 25600K, 34% used [0x00000000e3280000,0x00000000e3b30700,0x00000000e4b80000)
  to   space 25600K, 0% used [0x00000000e5080000,0x00000000e5080000,0x00000000e6980000)
 ParOldGen       total 205824K, used 56441K [0x0000000080000000, 0x000000008c900000, 0x00000000d5580000)
  object space 205824K, 27% used [0x0000000080000000,0x000000008371e490,0x000000008c900000)
 Metaspace       used 105956K, capacity 112184K, committed 112424K, reserved 1146880K
  class space    used 13728K, capacity 14860K, committed 14896K, reserved 1048576K
}
Event: 17954.205 GC heap before
{Heap before GC invocations=28 (full 4):
 PSYoungGen      total 251904K, used 235104K [0x00000000d5580000, 0x00000000e6980000, 0x0000000100000000)
  eden space 226304K, 99% used [0x00000000d5580000,0x00000000e3267bd0,0x00000000e3280000)
  from space 25600K, 34% used [0x00000000e3280000,0x00000000e3b30700,0x00000000e4b80000)
  to   space 25600K, 0% used [0x00000000e5080000,0x00000000e5080000,0x00000000e6980000)
 ParOldGen       total 205824K, used 56441K [0x0000000080000000, 0x000000008c900000, 0x00000000d5580000)
  object space 205824K, 27% used [0x0000000080000000,0x000000008371e490,0x000000008c900000)
 Metaspace       used 106290K, capacity 112550K, committed 112808K, reserved 1146880K
  class space    used 13733K, capacity 14865K, committed 15024K, reserved 1048576K
Event: 17954.236 GC heap after
Heap after GC invocations=28 (full 4):
 PSYoungGen      total 253952K, used 15573K [0x00000000d5580000, 0x00000000e6780000, 0x0000000100000000)
  eden space 230400K, 0% used [0x00000000d5580000,0x00000000d5580000,0x00000000e3680000)
  from space 23552K, 66% used [0x00000000e5080000,0x00000000e5fb57b8,0x00000000e6780000)
  to   space 25088K, 0% used [0x00000000e3680000,0x00000000e3680000,0x00000000e4f00000)
 ParOldGen       total 205824K, used 56449K [0x0000000080000000, 0x000000008c900000, 0x00000000d5580000)
  object space 205824K, 27% used [0x0000000080000000,0x0000000083720490,0x000000008c900000)
 Metaspace       used 106290K, capacity 112550K, committed 112808K, reserved 1146880K
  class space    used 13733K, capacity 14865K, committed 15024K, reserved 1048576K
}
Event: 17958.714 GC heap before
{Heap before GC invocations=29 (full 4):
 PSYoungGen      total 253952K, used 245973K [0x00000000d5580000, 0x00000000e6780000, 0x0000000100000000)
  eden space 230400K, 100% used [0x00000000d5580000,0x00000000e3680000,0x00000000e3680000)
  from space 23552K, 66% used [0x00000000e5080000,0x00000000e5fb57b8,0x00000000e6780000)
  to   space 25088K, 0% used [0x00000000e3680000,0x00000000e3680000,0x00000000e4f00000)
 ParOldGen       total 205824K, used 56449K [0x0000000080000000, 0x000000008c900000, 0x00000000d5580000)
  object space 205824K, 27% used [0x0000000080000000,0x0000000083720490,0x000000008c900000)
 Metaspace       used 106767K, capacity 113104K, committed 113320K, reserved 1146880K
  class space    used 13741K, capacity 14868K, committed 15024K, reserved 1048576K
Event: 17958.835 GC heap after
Heap after GC invocations=29 (full 4):
 PSYoungGen      total 255488K, used 25060K [0x00000000d5580000, 0x00000000e6780000, 0x0000000100000000)
  eden space 230400K, 0% used [0x00000000d5580000,0x00000000d5580000,0x00000000e3680000)
  from space 25088K, 99% used [0x00000000e3680000,0x00000000e4ef9178,0x00000000e4f00000)
  to   space 23552K, 0% used [0x00000000e5080000,0x00000000e5080000,0x00000000e6780000)
 ParOldGen       total 205824K, used 79631K [0x0000000080000000, 0x000000008c900000, 0x00000000d5580000)
  object space 205824K, 38% used [0x0000000080000000,0x0000000084dc3f18,0x000000008c900000)
 Metaspace       used 106767K, capacity 113104K, committed 113320K, reserved 1146880K
  class space    used 13741K, capacity 14868K, committed 15024K, reserved 1048576K
}

